<?xml version="1.0" encoding="UTF-8"?>
<!-- Generated by org.testng.reporters.JUnitReportReporter -->
<testsuite skipped="0" hostname="R90370LC" name="com.dash2sell.testCases.TC_ValidateDateNegetiveTest_005" tests="1" failures="0" timestamp="09 Aug 2019 21:17:33 GMT" time="12.614" errors="0">
  <testcase name="validateDate" time="12.614" classname="com.dash2sell.testCases.TC_ValidateDateNegetiveTest_005"/>
</testsuite> <!-- com.dash2sell.testCases.TC_ValidateDateNegetiveTest_005 -->
