<?xml version="1.0" encoding="UTF-8"?>
<!-- Generated by org.testng.reporters.JUnitReportReporter -->
<testsuite skipped="0" hostname="PF1QDEC8" name="com.projects.activities.testCases.TC_ProgramPriorityTest_002" tests="1" failures="0" timestamp="13 Nov 2019 20:29:35 GMT" time="10.969" errors="0">
  <testcase name="createProgramPriority" time="10.969" classname="com.projects.activities.testCases.TC_ProgramPriorityTest_002"/>
</testsuite> <!-- com.projects.activities.testCases.TC_ProgramPriorityTest_002 -->
