<?xml version="1.0" encoding="UTF-8"?>
<!-- Generated by org.testng.reporters.JUnitReportReporter -->
<testsuite skipped="0" hostname="R90370LC" name="com.inetbanking.testCases.TC_LoginTest_001" tests="1" failures="0" timestamp="01 Aug 2019 16:42:13 GMT" time="2.349" errors="0">
  <testcase name="loginTest" time="2.349" classname="com.inetbanking.testCases.TC_LoginTest_001"/>
</testsuite> <!-- com.inetbanking.testCases.TC_LoginTest_001 -->
