<?xml version="1.0" encoding="UTF-8"?>
<!-- Generated by org.testng.reporters.JUnitReportReporter -->
<testsuite skipped="0" hostname="PF1QDEC8" name="com.escalations.testCases.TC_EscalationListTest_003" tests="2" failures="0" timestamp="20 Nov 2019 21:24:45 GMT" time="44.937" errors="0">
  <testcase name="validateDueDateFilter" time="13.585" classname="com.escalations.testCases.TC_EscalationListTest_003"/>
  <testcase name="validateViewOnlyNewButton" time="31.352" classname="com.escalations.testCases.TC_EscalationListTest_003"/>
</testsuite> <!-- com.escalations.testCases.TC_EscalationListTest_003 -->
