<?xml version="1.0" encoding="UTF-8"?>
<!-- Generated by org.testng.reporters.JUnitReportReporter -->
<testsuite skipped="0" hostname="PF1QDEC8" name="com.projects.activities.testCases.TC_ProgramListTest_005" tests="1" failures="0" timestamp="29 Oct 2019 18:36:01 GMT" time="16.685" errors="0">
  <testcase name="validateProgramIdList" time="16.685" classname="com.projects.activities.testCases.TC_ProgramListTest_005"/>
</testsuite> <!-- com.projects.activities.testCases.TC_ProgramListTest_005 -->
