<?xml version="1.0" encoding="UTF-8"?>
<!-- Generated by org.testng.reporters.JUnitReportReporter -->
<testsuite skipped="0" hostname="PF1QDEC8" name="com.projects.activities.testCases.TC_ClientListTest_007" tests="11" failures="0" timestamp="25 Oct 2019 19:54:52 GMT" time="128.859" errors="0">
  <testcase name="validateClientCreationDate" time="11.757" classname="com.projects.activities.testCases.TC_ClientListTest_007"/>
  <testcase name="validateClientNumberList" time="10.154" classname="com.projects.activities.testCases.TC_ClientListTest_007"/>
  <testcase name="validateClientFollowupsList" time="9.883" classname="com.projects.activities.testCases.TC_ClientListTest_007"/>
  <testcase name="validateExportToFile" time="9.062" classname="com.projects.activities.testCases.TC_ClientListTest_007"/>
  <testcase name="validateClientCreatorList" time="10.093" classname="com.projects.activities.testCases.TC_ClientListTest_007"/>
  <testcase name="validateClientCreatorListUser" time="12.894" classname="com.projects.activities.testCases.TC_ClientListTest_007"/>
  <testcase name="validateClientDescriptionList" time="13.228" classname="com.projects.activities.testCases.TC_ClientListTest_007"/>
  <testcase name="validateClientEffectiveDate" time="15.278" classname="com.projects.activities.testCases.TC_ClientListTest_007"/>
  <testcase name="validateClientExpireeDate" time="13.632" classname="com.projects.activities.testCases.TC_ClientListTest_007"/>
  <testcase name="validateExportToDownload" time="13.739" classname="com.projects.activities.testCases.TC_ClientListTest_007"/>
  <testcase name="validateClientRankList" time="9.139" classname="com.projects.activities.testCases.TC_ClientListTest_007"/>
</testsuite> <!-- com.projects.activities.testCases.TC_ClientListTest_007 -->
