<?xml version="1.0" encoding="UTF-8"?>
<!-- Generated by org.testng.reporters.JUnitReportReporter -->
<testsuite skipped="0" hostname="PF1QDEC8" name="com.projects.activities.testCases.TC_ProgramPriorityTest_002" tests="9" failures="0" timestamp="25 Oct 2019 15:23:48 GMT" time="109.493" errors="0">
  <testcase name="validateProgramRecordDel" time="16.186" classname="com.projects.activities.testCases.TC_ProgramPriorityTest_002"/>
  <testcase name="validateProgramExpireDatePast" time="10.457" classname="com.projects.activities.testCases.TC_ProgramPriorityTest_002"/>
  <testcase name="validateProgramExpireDate" time="11.496" classname="com.projects.activities.testCases.TC_ProgramPriorityTest_002"/>
  <testcase name="validateProgramRank" time="12.771" classname="com.projects.activities.testCases.TC_ProgramPriorityTest_002"/>
  <testcase name="validateProgramRankMix" time="12.317" classname="com.projects.activities.testCases.TC_ProgramPriorityTest_002"/>
  <testcase name="createProgramPriority" time="12.049" classname="com.projects.activities.testCases.TC_ProgramPriorityTest_002"/>
  <testcase name="validateProgramId" time="11.062" classname="com.projects.activities.testCases.TC_ProgramPriorityTest_002"/>
  <testcase name="validateProgramEffectiveDate" time="12.187" classname="com.projects.activities.testCases.TC_ProgramPriorityTest_002"/>
  <testcase name="validateProgramDel" time="10.968" classname="com.projects.activities.testCases.TC_ProgramPriorityTest_002"/>
</testsuite> <!-- com.projects.activities.testCases.TC_ProgramPriorityTest_002 -->
