<?xml version="1.0" encoding="UTF-8"?>
<!-- Generated by org.testng.reporters.JUnitReportReporter -->
<testsuite skipped="0" hostname="PF1QDEC8" name="com.projects.activities.testCases.TC_ProgramListTest_005" tests="11" failures="0" timestamp="25 Oct 2019 16:48:51 GMT" time="105.862" errors="0">
  <testcase name="validateExportToDownload" time="12.073" classname="com.projects.activities.testCases.TC_ProgramListTest_005"/>
  <testcase name="validateProgramDescriptionList" time="9.060" classname="com.projects.activities.testCases.TC_ProgramListTest_005"/>
  <testcase name="validateProgramExpireeDate" time="10.071" classname="com.projects.activities.testCases.TC_ProgramListTest_005"/>
  <testcase name="validateProgramRankList" time="7.954" classname="com.projects.activities.testCases.TC_ProgramListTest_005"/>
  <testcase name="validateProgramFollowupsList" time="9.527" classname="com.projects.activities.testCases.TC_ProgramListTest_005"/>
  <testcase name="validateProgramIdList" time="9.176" classname="com.projects.activities.testCases.TC_ProgramListTest_005"/>
  <testcase name="validateExportToFile" time="7.753" classname="com.projects.activities.testCases.TC_ProgramListTest_005"/>
  <testcase name="validateProgramCreationDate" time="12.007" classname="com.projects.activities.testCases.TC_ProgramListTest_005"/>
  <testcase name="validateProgramCreatorList" time="7.214" classname="com.projects.activities.testCases.TC_ProgramListTest_005"/>
  <testcase name="validateProgramCreatorListUser" time="9.860" classname="com.projects.activities.testCases.TC_ProgramListTest_005"/>
  <testcase name="validateProgramEffectiveDate" time="11.167" classname="com.projects.activities.testCases.TC_ProgramListTest_005"/>
</testsuite> <!-- com.projects.activities.testCases.TC_ProgramListTest_005 -->
