<?xml version="1.0" encoding="UTF-8"?>
<!-- Generated by org.testng.reporters.JUnitReportReporter -->
<testsuite skipped="0" hostname="PF1QDEC8" name="com.projects.activities.testCases.TC_ProjectPriorityTest_003" tests="9" failures="0" timestamp="25 Oct 2019 15:46:34 GMT" time="123.616" errors="0">
  <testcase name="validateProjectRecordDel" time="17.625" classname="com.projects.activities.testCases.TC_ProjectPriorityTest_003"/>
  <testcase name="validateProjectExpireDatePast" time="12.462" classname="com.projects.activities.testCases.TC_ProjectPriorityTest_003"/>
  <testcase name="validateProjectEffectiveDate" time="14.392" classname="com.projects.activities.testCases.TC_ProjectPriorityTest_003"/>
  <testcase name="validateProjectRank" time="12.043" classname="com.projects.activities.testCases.TC_ProjectPriorityTest_003"/>
  <testcase name="validateProjectRankMix" time="14.788" classname="com.projects.activities.testCases.TC_ProjectPriorityTest_003"/>
  <testcase name="createProgramPriority" time="13.091" classname="com.projects.activities.testCases.TC_ProjectPriorityTest_003"/>
  <testcase name="validateProjectId" time="16.529" classname="com.projects.activities.testCases.TC_ProjectPriorityTest_003"/>
  <testcase name="validateProectExpireDate" time="11.038" classname="com.projects.activities.testCases.TC_ProjectPriorityTest_003"/>
  <testcase name="validateProjectDel" time="11.648" classname="com.projects.activities.testCases.TC_ProjectPriorityTest_003"/>
</testsuite> <!-- com.projects.activities.testCases.TC_ProjectPriorityTest_003 -->
