<?xml version="1.0" encoding="UTF-8"?>
<!-- Generated by org.testng.reporters.JUnitReportReporter -->
<testsuite skipped="0" hostname="R90370LC" name="com.inetbanking.testCases.TC_AddCustomerTest_003" tests="1" failures="0" timestamp="02 Aug 2019 15:49:24 GMT" time="14.998" errors="0">
  <testcase name="addNewCustomer" time="14.998" classname="com.inetbanking.testCases.TC_AddCustomerTest_003"/>
</testsuite> <!-- com.inetbanking.testCases.TC_AddCustomerTest_003 -->
