<?xml version="1.0" encoding="UTF-8"?>
<!-- Generated by org.testng.reporters.JUnitReportReporter -->
<testsuite skipped="0" hostname="R90370LC" name="com.inetbanking.testCases.TC_NewDash2Sell_003" tests="1" failures="0" timestamp="02 Aug 2019 15:57:13 GMT" time="19.054" errors="0">
  <testcase name="addNewDash2Sell" time="19.054" classname="com.inetbanking.testCases.TC_NewDash2Sell_003"/>
</testsuite> <!-- com.inetbanking.testCases.TC_NewDash2Sell_003 -->
