<?xml version="1.0" encoding="UTF-8"?>
<!-- Generated by org.testng.reporters.JUnitReportReporter -->
<testsuite skipped="1" hostname="PF1QDEC8" name="com.escalations.testCases.TC_EscalationTest_002" tests="2" failures="0" timestamp="13 Nov 2019 15:35:11 GMT" time="2.319" errors="1">
  <testcase name="validateStoresAffected" time="0.000" classname="com.escalations.testCases.TC_EscalationTest_002">
    <skipped/>
  </testcase> <!-- validateStoresAffected -->
  <testcase name="setup" time="2.319" classname="com.escalations.testCases.TC_EscalationTest_002">
    <error type="org.openqa.selenium.WebDriverException" message="permission denied
Build info: version: &#039;3.141.5&#039;, revision: &#039;d54ebd709a&#039;, time: &#039;2018-11-06T11:42:16&#039;
System info: host: &#039;PF1QDEC8&#039;, ip: &#039;10.99.97.21&#039;, os.name: &#039;Windows 10&#039;, os.arch: &#039;amd64&#039;, os.version: &#039;10.0&#039;, java.version: &#039;1.8.0_202&#039;
Driver info: driver.version: FirefoxDriver
remote stacktrace: ">
      <![CDATA[org.openqa.selenium.WebDriverException: permission deniedBuild info: version: '3.141.5', revision: 'd54ebd709a', time: '2018-11-06T11:42:16'System info: host: 'PF1QDEC8', ip: '10.99.97.21', os.name: 'Windows 10', os.arch: 'amd64', os.version: '10.0', java.version: '1.8.0_202'Driver info: driver.version: FirefoxDriverremote stacktrace: at sun.reflect.NativeConstructorAccessorImpl.newInstance0(Native Method)at sun.reflect.NativeConstructorAccessorImpl.newInstance(NativeConstructorAccessorImpl.java:62)at sun.reflect.DelegatingConstructorAccessorImpl.newInstance(DelegatingConstructorAccessorImpl.java:45)at java.lang.reflect.Constructor.newInstance(Constructor.java:423)at org.openqa.selenium.remote.W3CHandshakeResponse.lambda$errorHandler$0(W3CHandshakeResponse.java:62)at org.openqa.selenium.remote.HandshakeResponse.lambda$getResponseFunction$0(HandshakeResponse.java:30)at org.openqa.selenium.remote.ProtocolHandshake.lambda$createSession$0(ProtocolHandshake.java:123)at java.util.stream.ReferencePipeline$3$1.accept(ReferencePipeline.java:193)at java.util.Spliterators$ArraySpliterator.tryAdvance(Spliterators.java:958)at java.util.stream.ReferencePipeline.forEachWithCancel(ReferencePipeline.java:126)at java.util.stream.AbstractPipeline.copyIntoWithCancel(AbstractPipeline.java:498)at java.util.stream.AbstractPipeline.copyInto(AbstractPipeline.java:485)at java.util.stream.AbstractPipeline.wrapAndCopyInto(AbstractPipeline.java:471)at java.util.stream.FindOps$FindOp.evaluateSequential(FindOps.java:152)at java.util.stream.AbstractPipeline.evaluate(AbstractPipeline.java:234)at java.util.stream.ReferencePipeline.findFirst(ReferencePipeline.java:464)at org.openqa.selenium.remote.ProtocolHandshake.createSession(ProtocolHandshake.java:125)at org.openqa.selenium.remote.ProtocolHandshake.createSession(ProtocolHandshake.java:74)at org.openqa.selenium.remote.HttpCommandExecutor.execute(HttpCommandExecutor.java:136)at org.openqa.selenium.remote.service.DriverCommandExecutor.execute(DriverCommandExecutor.java:83)at org.openqa.selenium.remote.RemoteWebDriver.execute(RemoteWebDriver.java:552)at org.openqa.selenium.remote.RemoteWebDriver.startSession(RemoteWebDriver.java:213)at org.openqa.selenium.remote.RemoteWebDriver.<init>(RemoteWebDriver.java:131)at org.openqa.selenium.firefox.FirefoxDriver.<init>(FirefoxDriver.java:147)at org.openqa.selenium.firefox.FirefoxDriver.<init>(FirefoxDriver.java:125)at com.dash2sell.testCases.BaseClass.setup(BaseClass.java:48)at sun.reflect.NativeMethodAccessorImpl.invoke0(Native Method)at sun.reflect.NativeMethodAccessorImpl.invoke(NativeMethodAccessorImpl.java:62)at sun.reflect.DelegatingMethodAccessorImpl.invoke(DelegatingMethodAccessorImpl.java:43)at java.lang.reflect.Method.invoke(Method.java:498)at org.testng.internal.MethodInvocationHelper.invokeMethod(MethodInvocationHelper.java:124)at org.testng.internal.MethodInvocationHelper.invokeMethodConsideringTimeout(MethodInvocationHelper.java:59)at org.testng.internal.Invoker.invokeConfigurationMethod(Invoker.java:451)at org.testng.internal.Invoker.invokeConfigurations(Invoker.java:222)at org.testng.internal.Invoker.invokeMethod(Invoker.java:516)at org.testng.internal.Invoker.invokeTestMethod(Invoker.java:707)at org.testng.internal.Invoker.invokeTestMethods(Invoker.java:979)at org.testng.internal.TestMethodWorker.invokeTestMethods(TestMethodWorker.java:125)at org.testng.internal.TestMethodWorker.run(TestMethodWorker.java:109)at org.testng.TestRunner.privateRun(TestRunner.java:648)at org.testng.TestRunner.run(TestRunner.java:505)at org.testng.SuiteRunner.runTest(SuiteRunner.java:455)at org.testng.SuiteRunner.runSequentially(SuiteRunner.java:450)at org.testng.SuiteRunner.privateRun(SuiteRunner.java:415)at org.testng.SuiteRunner.run(SuiteRunner.java:364)at org.testng.SuiteRunnerWorker.runSuite(SuiteRunnerWorker.java:52)at org.testng.SuiteRunnerWorker.run(SuiteRunnerWorker.java:84)at org.testng.TestNG.runSuitesSequentially(TestNG.java:1187)at org.testng.TestNG.runSuitesLocally(TestNG.java:1116)at org.testng.TestNG.runSuites(TestNG.java:1028)at org.testng.TestNG.run(TestNG.java:996)at org.testng.remote.AbstractRemoteTestNG.run(AbstractRemoteTestNG.java:114)at org.testng.remote.RemoteTestNG.initAndRun(RemoteTestNG.java:251)at org.testng.remote.RemoteTestNG.main(RemoteTestNG.java:77)]]>
    </error>
  </testcase> <!-- setup -->
</testsuite> <!-- com.escalations.testCases.TC_EscalationTest_002 -->
