<?xml version="1.0" encoding="UTF-8"?>
<!-- Generated by org.testng.reporters.JUnitReportReporter -->
<testsuite skipped="0" hostname="PF1QDEC8" name="com.projects.activities.testCases.TC_ClientPriorityTest_004" tests="1" failures="0" timestamp="23 Oct 2019 20:10:52 GMT" time="18.402" errors="0">
  <testcase name="ValidatecreateClientPriority" time="18.402" classname="com.projects.activities.testCases.TC_ClientPriorityTest_004"/>
</testsuite> <!-- com.projects.activities.testCases.TC_ClientPriorityTest_004 -->
