<?xml version="1.0" encoding="UTF-8"?>
<!-- Generated by org.testng.reporters.JUnitReportReporter -->
<testsuite skipped="0" hostname="PF1QDEC8" name="com.projects.activities.testCases.TC_ProjectListTest_006" tests="11" failures="0" timestamp="23 Oct 2019 18:55:36 GMT" time="126.103" errors="0">
  <testcase name="validateProjectExpireeDate" time="12.656" classname="com.projects.activities.testCases.TC_ProjectListTest_006"/>
  <testcase name="validateProjectCreationDate" time="12.642" classname="com.projects.activities.testCases.TC_ProjectListTest_006"/>
  <testcase name="validateProjectFollowupsList" time="10.559" classname="com.projects.activities.testCases.TC_ProjectListTest_006"/>
  <testcase name="validateProjectRankList" time="9.350" classname="com.projects.activities.testCases.TC_ProjectListTest_006"/>
  <testcase name="validateProjectIdList" time="9.459" classname="com.projects.activities.testCases.TC_ProjectListTest_006"/>
  <testcase name="validateProjectCreatorListUser" time="13.412" classname="com.projects.activities.testCases.TC_ProjectListTest_006"/>
  <testcase name="validateExportToDownload" time="12.382" classname="com.projects.activities.testCases.TC_ProjectListTest_006"/>
  <testcase name="validateExportToFile" time="10.846" classname="com.projects.activities.testCases.TC_ProjectListTest_006"/>
  <testcase name="validateProjectDescriptionList" time="9.884" classname="com.projects.activities.testCases.TC_ProjectListTest_006"/>
  <testcase name="validateProjectEffectiveDate" time="13.832" classname="com.projects.activities.testCases.TC_ProjectListTest_006"/>
  <testcase name="validateProjectCreatorList" time="11.081" classname="com.projects.activities.testCases.TC_ProjectListTest_006"/>
</testsuite> <!-- com.projects.activities.testCases.TC_ProjectListTest_006 -->
