<?xml version="1.0" encoding="UTF-8"?>
<!-- Generated by org.testng.reporters.JUnitReportReporter -->
<testsuite skipped="0" hostname="PF1QDEC8" name="com.projects.activities.testCases.TC_ProgramListTest_005" tests="11" failures="0" timestamp="23 Oct 2019 14:20:31 GMT" time="122.575" errors="0">
  <testcase name="validateExportToDownload" time="12.848" classname="com.projects.activities.testCases.TC_ProgramListTest_005"/>
  <testcase name="validateProgramEffectiveDate" time="12.225" classname="com.projects.activities.testCases.TC_ProgramListTest_005"/>
  <testcase name="validateProgramIdList" time="10.820" classname="com.projects.activities.testCases.TC_ProgramListTest_005"/>
  <testcase name="validateExportToFile" time="11.825" classname="com.projects.activities.testCases.TC_ProgramListTest_005"/>
  <testcase name="validateProgramCreationDate" time="10.805" classname="com.projects.activities.testCases.TC_ProgramListTest_005"/>
  <testcase name="validateProgramFollowupsList" time="10.883" classname="com.projects.activities.testCases.TC_ProgramListTest_005"/>
  <testcase name="validateProgramCreatorList" time="8.405" classname="com.projects.activities.testCases.TC_ProgramListTest_005"/>
  <testcase name="validateProgramExpireeDate" time="12.891" classname="com.projects.activities.testCases.TC_ProgramListTest_005"/>
  <testcase name="validateProgramRankList" time="8.048" classname="com.projects.activities.testCases.TC_ProgramListTest_005"/>
  <testcase name="validateProgramDescriptionList" time="11.338" classname="com.projects.activities.testCases.TC_ProgramListTest_005"/>
  <testcase name="validateProgramCreatorList1" time="12.487" classname="com.projects.activities.testCases.TC_ProgramListTest_005"/>
</testsuite> <!-- com.projects.activities.testCases.TC_ProgramListTest_005 -->
