<?xml version="1.0" encoding="UTF-8"?>
<!-- Generated by org.testng.reporters.JUnitReportReporter -->
<testsuite skipped="0" hostname="PF1QDEC8" name="com.projects.activities.testCases.TC_ProjectListTest_006" tests="11" failures="0" timestamp="25 Oct 2019 19:05:01 GMT" time="109.326" errors="0">
  <testcase name="validateExportToDownload" time="11.132" classname="com.projects.activities.testCases.TC_ProjectListTest_006"/>
  <testcase name="validateExportToFile" time="9.599" classname="com.projects.activities.testCases.TC_ProjectListTest_006"/>
  <testcase name="validateProjectDescriptionList" time="9.305" classname="com.projects.activities.testCases.TC_ProjectListTest_006"/>
  <testcase name="validateProjectExpireeDate" time="11.582" classname="com.projects.activities.testCases.TC_ProjectListTest_006"/>
  <testcase name="validateProjectRankList" time="9.302" classname="com.projects.activities.testCases.TC_ProjectListTest_006"/>
  <testcase name="validateProjectFollowupsList" time="9.737" classname="com.projects.activities.testCases.TC_ProjectListTest_006"/>
  <testcase name="validateProjectIdList" time="8.237" classname="com.projects.activities.testCases.TC_ProjectListTest_006"/>
  <testcase name="validateProjectCreationDate" time="12.365" classname="com.projects.activities.testCases.TC_ProjectListTest_006"/>
  <testcase name="validateProjectCreatorList" time="7.037" classname="com.projects.activities.testCases.TC_ProjectListTest_006"/>
  <testcase name="validateProjectCreatorListUser" time="9.503" classname="com.projects.activities.testCases.TC_ProjectListTest_006"/>
  <testcase name="validateProjectEffectiveDate" time="11.527" classname="com.projects.activities.testCases.TC_ProjectListTest_006"/>
</testsuite> <!-- com.projects.activities.testCases.TC_ProjectListTest_006 -->
