<?xml version="1.0" encoding="UTF-8"?>
<!-- Generated by org.testng.reporters.JUnitReportReporter -->
<testsuite skipped="0" hostname="R90370LC" name="com.dash2sell.testCases.TC_ValidateDateTest_005" tests="1" failures="0" timestamp="07 Aug 2019 17:14:09 GMT" time="12.738" errors="0">
  <testcase name="validateDate" time="12.738" classname="com.dash2sell.testCases.TC_ValidateDateTest_005"/>
</testsuite> <!-- com.dash2sell.testCases.TC_ValidateDateTest_005 -->
