<?xml version="1.0" encoding="UTF-8"?>
<!-- Generated by org.testng.reporters.JUnitReportReporter -->
<testsuite skipped="0" hostname="PF1QDEC8" name="com.dash2sell.testCases.TC_ValidateListTest_004" tests="1" failures="0" timestamp="15 Aug 2019 20:15:39 GMT" time="13.551" errors="0">
  <testcase name="checkTable" time="13.551" classname="com.dash2sell.testCases.TC_ValidateListTest_004"/>
</testsuite> <!-- com.dash2sell.testCases.TC_ValidateListTest_004 -->
