<?xml version="1.0" encoding="UTF-8"?>
<!-- Generated by org.testng.reporters.JUnitReportReporter -->
<testsuite skipped="0" hostname="PF1QDEC8" name="com.escalations.testCases.TC_EscalationTest_002" tests="1" failures="0" timestamp="22 Nov 2019 19:42:04 GMT" time="29.160" errors="0">
  <testcase name="createNewEscalationReview" time="29.160" classname="com.escalations.testCases.TC_EscalationTest_002"/>
</testsuite> <!-- com.escalations.testCases.TC_EscalationTest_002 -->
