<?xml version="1.0" encoding="UTF-8"?>
<!-- Generated by org.testng.reporters.JUnitReportReporter -->
<testsuite skipped="0" hostname="PF1QDEC8" name="com.projects.activities.testCases.TC_ClientListTest_007" tests="1" failures="0" timestamp="23 Oct 2019 18:58:53 GMT" time="12.991" errors="0">
  <testcase name="validateClientCreationDate" time="12.991" classname="com.projects.activities.testCases.TC_ClientListTest_007"/>
</testsuite> <!-- com.projects.activities.testCases.TC_ClientListTest_007 -->
