<?xml version="1.0" encoding="UTF-8"?>
<!-- Generated by org.testng.reporters.JUnitReportReporter -->
<testsuite skipped="0" hostname="PF1QDEC8" name="com.dash2sell.testCases.TC_LoginTest_001" tests="1" failures="0" timestamp="07 Oct 2019 15:59:48 GMT" time="8.239" errors="0">
  <testcase name="loginTest" time="8.239" classname="com.dash2sell.testCases.TC_LoginTest_001"/>
</testsuite> <!-- com.dash2sell.testCases.TC_LoginTest_001 -->
