<?xml version="1.0" encoding="UTF-8"?>
<!-- Generated by org.testng.reporters.JUnitReportReporter -->
<testsuite skipped="0" hostname="PF1QDEC8" name="com.projects.activities.testCases.TC_ProjectPriorityTest_003" tests="1" failures="0" timestamp="24 Oct 2019 15:19:07 GMT" time="14.319" errors="0">
  <testcase name="validateProjectRank" time="14.319" classname="com.projects.activities.testCases.TC_ProjectPriorityTest_003"/>
</testsuite> <!-- com.projects.activities.testCases.TC_ProjectPriorityTest_003 -->
